  Game.cpp
c:\users\jo5hm\source\repos\physicsproject\physics_project\graphics_summative1\game.cpp(88): warning C4018: '<': signed/unsigned mismatch
c:\users\jo5hm\source\repos\physicsproject\physics_project\graphics_summative1\game.cpp(123): warning C4244: 'argument': conversion from 'double' to 'float32', possible loss of data
c:\users\jo5hm\source\repos\physicsproject\physics_project\graphics_summative1\game.cpp(130): warning C4018: '<': signed/unsigned mismatch
  Generating Code...
  Compiling...
  main.cpp
  SceneManager.cpp
  Generating Code...
  SOIL.lib(SOIL.obj) : MSIL .netmodule or module compiled with /GL found; restarting link with /LTCG; add /LTCG to the link command line to improve linker performance
LINK : warning LNK4075: ignoring '/INCREMENTAL' due to '/LTCG' specification
Camera.obj : warning LNK4075: ignoring '/EDITANDCONTINUE' due to '/OPT:LBR' specification
LINK : warning LNK4098: defaultlib 'MSVCRT' conflicts with use of other libs; use /NODEFAULTLIB:library
  Generating code
  Finished generating code
SOIL.lib(SOIL.obj) : warning LNK4099: PDB 'vc120.pdb' was not found with 'SOIL.lib(SOIL.obj)' or at 'C:\Users\Jo5hm\Source\Repos\PhysicsProject\Physics_Project\Debug\vc120.pdb'; linking object as if no debug info
SOIL.lib(stb_image_aug.obj) : warning LNK4099: PDB 'vc120.pdb' was not found with 'SOIL.lib(stb_image_aug.obj)' or at 'C:\Users\Jo5hm\Source\Repos\PhysicsProject\Physics_Project\Debug\vc120.pdb'; linking object as if no debug info
SOIL.lib(image_helper.obj) : warning LNK4099: PDB 'vc120.pdb' was not found with 'SOIL.lib(image_helper.obj)' or at 'C:\Users\Jo5hm\Source\Repos\PhysicsProject\Physics_Project\Debug\vc120.pdb'; linking object as if no debug info
SOIL.lib(image_DXT.obj) : warning LNK4099: PDB 'vc120.pdb' was not found with 'SOIL.lib(image_DXT.obj)' or at 'C:\Users\Jo5hm\Source\Repos\PhysicsProject\Physics_Project\Debug\vc120.pdb'; linking object as if no debug info
  Graphics_Summative1.vcxproj -> C:\Users\Jo5hm\Source\Repos\PhysicsProject\Physics_Project\Debug\Physics_Project.exe
  Graphics_Summative1.vcxproj -> C:\Users\Jo5hm\Source\Repos\PhysicsProject\Physics_Project\Debug\Physics_Project.pdb (Partial PDB)
